<?xml version="1.0" encoding="UTF-8"?>
<!-- Generated by org.testng.reporters.JUnitXMLReporter -->
<testsuite hostname="MPALANISAMY" name="RO_MainFlowTest" tests="7" failures="1" timestamp="16 Jul 2019 18:25:45 GMT" time="59.73" errors="0">
  <testcase name="ImplementationContractor" time="0.056" classname="com.sparky.flows.ro.RadiationOncology"/>
  <testcase name="ImplementationContractor" time="0.002" classname="com.sparky.flows.ro.RadiationOncology"/>
  <testcase name="ImplementationContractor" time="0.003" classname="com.sparky.flows.ro.RadiationOncology"/>
  <testcase name="ImplementationContractor" time="58.509" classname="com.sparky.flows.ro.RadiationOncology">
    <failure type="org.openqa.selenium.WebDriverException" message="element click intercepted: Element &amp;lt;span class=&amp;quot;rf-button-text&amp;quot; style=&amp;quot;border: solid 2px white&amp;quot;&amp;gt;...&amp;lt;/span&amp;gt; is not clickable at point (93, 693). Other element would receive the click: &amp;lt;button id=&amp;quot;rfFLButton1680476&amp;quot; class=&amp;quot;rf-file-input-button rf-file-button rf-proxy-button ng-scope&amp;quot; data-ng-disabled=&amp;quot;!object.uploadComponent.enableFileSelection&amp;quot; data-ng-readonly=&amp;quot;object.readonly || form.readonly&amp;quot; data-ng-if=&amp;quot;object.visible&amp;quot; tabindex=&amp;quot;0&amp;quot; data-ng-click=&amp;quot;triggerUpload(&amp;apos;rfElement&amp;apos; + object.id)&amp;quot; title=&amp;quot;&amp;quot;&amp;gt;...&amp;lt;/button&amp;gt;
  (Session info: chrome=75.0.3770.142)
  (Driver info: chromedriver=75.0.3770.90 (a6dcaf7e3ec6f70a194cc25e8149475c6590e025-refs/branch-heads/3770@{#1003}),platform=Windows NT 10.0.17134 x86_64) (WARNING: The server did not provide any stacktrace information)
Command duration or timeout: 41 milliseconds
Build info: version: &amp;apos;2.53.0&amp;apos;, revision: &amp;apos;35ae25b1534ae328c771e0856c93e187490ca824&amp;apos;, time: &amp;apos;2016-03-15 10:43:46&amp;apos;
System info: host: &amp;apos;MPALANISAMY&amp;apos;, ip: &amp;apos;10.1.50.158&amp;apos;, os.name: &amp;apos;Windows 10&amp;apos;, os.arch: &amp;apos;amd64&amp;apos;, os.version: &amp;apos;10.0&amp;apos;, java.version: &amp;apos;1.8.0_211&amp;apos;
Driver info: org.openqa.selenium.chrome.ChromeDriver
Capabilities [{mobileEmulationEnabled=false, timeouts={implicit=0, pageLoad=300000, script=30000}, hasTouchScreen=false, platform=XP, acceptSslCerts=false, goog:chromeOptions={debuggerAddress=localhost:51176}, acceptInsecureCerts=false, webStorageEnabled=true, browserName=chrome, takesScreenshot=true, javascriptEnabled=true, setWindowRect=true, unexpectedAlertBehaviour=ignore, applicationCacheEnabled=false, rotatable=false, networkConnectionEnabled=false, chrome={chromedriverVersion=75.0.3770.90 (a6dcaf7e3ec6f70a194cc25e8149475c6590e025-refs/branch-heads/3770@{#1003}), userDataDir=C:\Users\MEENAS~1.PAL\AppData\Local\Temp\scoped_dir8848_18802}, takesHeapSnapshot=true, pageLoadStrategy=normal, strictFileInteractability=false, databaseEnabled=false, handlesAlerts=true, version=75.0.3770.142, browserConnectionEnabled=false, proxy={}, nativeEvents=true, locationContextEnabled=true, cssSelectorsEnabled=true}]
Session ID: 58273cc09d597660300f71f1c479cd2c">
      <![CDATA[org.openqa.selenium.WebDriverException: element click intercepted: Element <span class="rf-button-text" style="border: solid 2px white">...</span> is not clickable at point (93, 693). Other element would receive the click: <button id="rfFLButton1680476" class="rf-file-input-button rf-file-button rf-proxy-button ng-scope" data-ng-disabled="!object.uploadComponent.enableFileSelection" data-ng-readonly="object.readonly || form.readonly" data-ng-if="object.visible" tabindex="0" data-ng-click="triggerUpload('rfElement' + object.id)" title="">...</button>
  (Session info: chrome=75.0.3770.142)
  (Driver info: chromedriver=75.0.3770.90 (a6dcaf7e3ec6f70a194cc25e8149475c6590e025-refs/branch-heads/3770@{#1003}),platform=Windows NT 10.0.17134 x86_64) (WARNING: The server did not provide any stacktrace information)
Command duration or timeout: 41 milliseconds
Build info: version: '2.53.0', revision: '35ae25b1534ae328c771e0856c93e187490ca824', time: '2016-03-15 10:43:46'
System info: host: 'MPALANISAMY', ip: '10.1.50.158', os.name: 'Windows 10', os.arch: 'amd64', os.version: '10.0', java.version: '1.8.0_211'
Driver info: org.openqa.selenium.chrome.ChromeDriver
Capabilities [{mobileEmulationEnabled=false, timeouts={implicit=0, pageLoad=300000, script=30000}, hasTouchScreen=false, platform=XP, acceptSslCerts=false, goog:chromeOptions={debuggerAddress=localhost:51176}, acceptInsecureCerts=false, webStorageEnabled=true, browserName=chrome, takesScreenshot=true, javascriptEnabled=true, setWindowRect=true, unexpectedAlertBehaviour=ignore, applicationCacheEnabled=false, rotatable=false, networkConnectionEnabled=false, chrome={chromedriverVersion=75.0.3770.90 (a6dcaf7e3ec6f70a194cc25e8149475c6590e025-refs/branch-heads/3770@{#1003}), userDataDir=C:\Users\MEENAS~1.PAL\AppData\Local\Temp\scoped_dir8848_18802}, takesHeapSnapshot=true, pageLoadStrategy=normal, strictFileInteractability=false, databaseEnabled=false, handlesAlerts=true, version=75.0.3770.142, browserConnectionEnabled=false, proxy={}, nativeEvents=true, locationContextEnabled=true, cssSelectorsEnabled=true}]
Session ID: 58273cc09d597660300f71f1c479cd2c
	at org.openqa.selenium.remote.ErrorHandler.createThrowable(ErrorHandler.java:206)
	at org.openqa.selenium.remote.ErrorHandler.throwIfResponseFailed(ErrorHandler.java:158)
	at org.openqa.selenium.remote.RemoteWebDriver.execute(RemoteWebDriver.java:678)
	at org.openqa.selenium.remote.RemoteWebElement.execute(RemoteWebElement.java:327)
	at org.openqa.selenium.remote.RemoteWebElement.click(RemoteWebElement.java:85)
	at com.sparky.commonfunctions.ro.CommonFunction.findButtonClick(CommonFunction.java:468)
	at com.sparky.pagefunctions.ro.BusinessOwnerPageFunctions.ImplementationContractor(BusinessOwnerPageFunctions.java:1088)
	at com.sparky.flows.ro.RadiationOncology.ImplementationContractor(RadiationOncology.java:288)
... Removed 28 stack frames]]>
    </failure>
  </testcase> <!-- ImplementationContractor -->
  <testcase name="ImplementationContractor" time="0.003" classname="com.sparky.flows.ro.RadiationOncology"/>
  <testcase name="ImplementationContractor" time="0.003" classname="com.sparky.flows.ro.RadiationOncology"/>
  <testcase name="ImplementationContractor" time="0.002" classname="com.sparky.flows.ro.RadiationOncology"/>
</testsuite> <!-- RO_MainFlowTest -->
