<?xml version="1.0" encoding="UTF-8"?>
<!-- Generated by org.testng.reporters.JUnitReportReporter -->
<testsuite hostname="MPALANISAMY" name="com.sparky.flows.ro.RadiationOncology" tests="7" failures="0" timestamp="16 Jul 2019 18:25:45 GMT" time="58.613" errors="1">
  <testcase name="ImplementationContractor" time="0.007" classname="com.sparky.flows.ro.RadiationOncology"/>
  <testcase name="ImplementationContractor" time="0.016" classname="com.sparky.flows.ro.RadiationOncology"/>
  <testcase name="ImplementationContractor" time="58.513" classname="com.sparky.flows.ro.RadiationOncology">
    <error type="org.openqa.selenium.WebDriverException" message="element click intercepted: Element &lt;span class=&quot;rf-button-text&quot; style=&quot;border: solid 2px white&quot;&gt;...&lt;/span&gt; is not clickable at point (93, 693). Other element would receive the click: &lt;button id=&quot;rfFLButton1680476&quot; class=&quot;rf-file-input-button rf-file-button rf-proxy-button ng-scope&quot; data-ng-disabled=&quot;!object.uploadComponent.enableFileSelection&quot; data-ng-readonly=&quot;object.readonly || form.readonly&quot; data-ng-if=&quot;object.visible&quot; tabindex=&quot;0&quot; data-ng-click=&quot;triggerUpload(&#039;rfElement&#039; + object.id)&quot; title=&quot;&quot;&gt;...&lt;/button&gt;
  (Session info: chrome=75.0.3770.142)
  (Driver info: chromedriver=75.0.3770.90 (a6dcaf7e3ec6f70a194cc25e8149475c6590e025-refs/branch-heads/3770@{#1003}),platform=Windows NT 10.0.17134 x86_64) (WARNING: The server did not provide any stacktrace information)
Command duration or timeout: 41 milliseconds
Build info: version: &#039;2.53.0&#039;, revision: &#039;35ae25b1534ae328c771e0856c93e187490ca824&#039;, time: &#039;2016-03-15 10:43:46&#039;
System info: host: &#039;MPALANISAMY&#039;, ip: &#039;10.1.50.158&#039;, os.name: &#039;Windows 10&#039;, os.arch: &#039;amd64&#039;, os.version: &#039;10.0&#039;, java.version: &#039;1.8.0_211&#039;
Driver info: org.openqa.selenium.chrome.ChromeDriver
Capabilities [{mobileEmulationEnabled=false, timeouts={implicit=0, pageLoad=300000, script=30000}, hasTouchScreen=false, platform=XP, acceptSslCerts=false, goog:chromeOptions={debuggerAddress=localhost:51176}, acceptInsecureCerts=false, webStorageEnabled=true, browserName=chrome, takesScreenshot=true, javascriptEnabled=true, setWindowRect=true, unexpectedAlertBehaviour=ignore, applicationCacheEnabled=false, rotatable=false, networkConnectionEnabled=false, chrome={chromedriverVersion=75.0.3770.90 (a6dcaf7e3ec6f70a194cc25e8149475c6590e025-refs/branch-heads/3770@{#1003}), userDataDir=C:\Users\MEENAS~1.PAL\AppData\Local\Temp\scoped_dir8848_18802}, takesHeapSnapshot=true, pageLoadStrategy=normal, strictFileInteractability=false, databaseEnabled=false, handlesAlerts=true, version=75.0.3770.142, browserConnectionEnabled=false, proxy={}, nativeEvents=true, locationContextEnabled=true, cssSelectorsEnabled=true}]
Session ID: 58273cc09d597660300f71f1c479cd2c">
      <![CDATA[org.openqa.selenium.WebDriverException: element click intercepted: Element <span class="rf-button-text" style="border: solid 2px white">...</span> is not clickable at point (93, 693). Other element would receive the click: <button id="rfFLButton1680476" class="rf-file-input-button rf-file-button rf-proxy-button ng-scope" data-ng-disabled="!object.uploadComponent.enableFileSelection" data-ng-readonly="object.readonly || form.readonly" data-ng-if="object.visible" tabindex="0" data-ng-click="triggerUpload('rfElement' + object.id)" title="">...</button>
  (Session info: chrome=75.0.3770.142)
  (Driver info: chromedriver=75.0.3770.90 (a6dcaf7e3ec6f70a194cc25e8149475c6590e025-refs/branch-heads/3770@{#1003}),platform=Windows NT 10.0.17134 x86_64) (WARNING: The server did not provide any stacktrace information)
Command duration or timeout: 41 milliseconds
Build info: version: '2.53.0', revision: '35ae25b1534ae328c771e0856c93e187490ca824', time: '2016-03-15 10:43:46'
System info: host: 'MPALANISAMY', ip: '10.1.50.158', os.name: 'Windows 10', os.arch: 'amd64', os.version: '10.0', java.version: '1.8.0_211'
Driver info: org.openqa.selenium.chrome.ChromeDriver
Capabilities [{mobileEmulationEnabled=false, timeouts={implicit=0, pageLoad=300000, script=30000}, hasTouchScreen=false, platform=XP, acceptSslCerts=false, goog:chromeOptions={debuggerAddress=localhost:51176}, acceptInsecureCerts=false, webStorageEnabled=true, browserName=chrome, takesScreenshot=true, javascriptEnabled=true, setWindowRect=true, unexpectedAlertBehaviour=ignore, applicationCacheEnabled=false, rotatable=false, networkConnectionEnabled=false, chrome={chromedriverVersion=75.0.3770.90 (a6dcaf7e3ec6f70a194cc25e8149475c6590e025-refs/branch-heads/3770@{#1003}), userDataDir=C:\Users\MEENAS~1.PAL\AppData\Local\Temp\scoped_dir8848_18802}, takesHeapSnapshot=true, pageLoadStrategy=normal, strictFileInteractability=false, databaseEnabled=false, handlesAlerts=true, version=75.0.3770.142, browserConnectionEnabled=false, proxy={}, nativeEvents=true, locationContextEnabled=true, cssSelectorsEnabled=true}]
Session ID: 58273cc09d597660300f71f1c479cd2c
	at sun.reflect.NativeConstructorAccessorImpl.newInstance0(Native Method)
	at sun.reflect.NativeConstructorAccessorImpl.newInstance(Unknown Source)
	at sun.reflect.DelegatingConstructorAccessorImpl.newInstance(Unknown Source)
	at java.lang.reflect.Constructor.newInstance(Unknown Source)
	at org.openqa.selenium.remote.ErrorHandler.createThrowable(ErrorHandler.java:206)
	at org.openqa.selenium.remote.ErrorHandler.throwIfResponseFailed(ErrorHandler.java:158)
	at org.openqa.selenium.remote.RemoteWebDriver.execute(RemoteWebDriver.java:678)
	at org.openqa.selenium.remote.RemoteWebElement.execute(RemoteWebElement.java:327)
	at org.openqa.selenium.remote.RemoteWebElement.click(RemoteWebElement.java:85)
	at com.sparky.commonfunctions.ro.CommonFunction.findButtonClick(CommonFunction.java:468)
	at com.sparky.pagefunctions.ro.BusinessOwnerPageFunctions.ImplementationContractor(BusinessOwnerPageFunctions.java:1088)
	at com.sparky.flows.ro.RadiationOncology.ImplementationContractor(RadiationOncology.java:288)
	at sun.reflect.NativeMethodAccessorImpl.invoke0(Native Method)
	at sun.reflect.NativeMethodAccessorImpl.invoke(Unknown Source)
	at sun.reflect.DelegatingMethodAccessorImpl.invoke(Unknown Source)
	at java.lang.reflect.Method.invoke(Unknown Source)
	at org.testng.internal.MethodInvocationHelper.invokeMethod(MethodInvocationHelper.java:86)
	at org.testng.internal.Invoker.invokeMethod(Invoker.java:643)
	at org.testng.internal.Invoker.invokeTestMethod(Invoker.java:820)
	at org.testng.internal.Invoker.invokeTestMethods(Invoker.java:1128)
	at org.testng.internal.TestMethodWorker.invokeTestMethods(TestMethodWorker.java:129)
	at org.testng.internal.TestMethodWorker.run(TestMethodWorker.java:112)
	at org.testng.TestRunner.privateRun(TestRunner.java:782)
	at org.testng.TestRunner.run(TestRunner.java:632)
	at org.testng.SuiteRunner.runTest(SuiteRunner.java:366)
	at org.testng.SuiteRunner.runSequentially(SuiteRunner.java:361)
	at org.testng.SuiteRunner.privateRun(SuiteRunner.java:319)
	at org.testng.SuiteRunner.run(SuiteRunner.java:268)
	at org.testng.SuiteRunnerWorker.runSuite(SuiteRunnerWorker.java:52)
	at org.testng.SuiteRunnerWorker.run(SuiteRunnerWorker.java:86)
	at org.testng.TestNG.runSuitesSequentially(TestNG.java:1244)
	at org.testng.TestNG.runSuitesLocally(TestNG.java:1169)
	at org.testng.TestNG.run(TestNG.java:1064)
	at org.testng.remote.AbstractRemoteTestNG.run(AbstractRemoteTestNG.java:115)
	at org.testng.remote.RemoteTestNG.initAndRun(RemoteTestNG.java:251)
	at org.testng.remote.RemoteTestNG.main(RemoteTestNG.java:77)
]]>
    </error>
  </testcase> <!-- ImplementationContractor -->
  <testcase name="ImplementationContractor" time="0.059" classname="com.sparky.flows.ro.RadiationOncology"/>
  <testcase name="ImplementationContractor" time="0.005" classname="com.sparky.flows.ro.RadiationOncology"/>
  <testcase name="ImplementationContractor" time="0.008" classname="com.sparky.flows.ro.RadiationOncology"/>
  <testcase name="ImplementationContractor" time="0.005" classname="com.sparky.flows.ro.RadiationOncology"/>
</testsuite> <!-- com.sparky.flows.ro.RadiationOncology -->
